<?xml version="1.0" encoding="UTF-8"?>
<testsuite name="FizzBuzzTest" tests="1" skipped="0" failures="0" errors="0" timestamp="2021-03-13T16:18:10" hostname="DESKTOP-EDLROQB" time="0.027">
  <properties/>
  <testcase name="testBuzzDivisibleBy5()" classname="FizzBuzzTest" time="0.027"/>
  <system-out><![CDATA[]]></system-out>
  <system-err><![CDATA[]]></system-err>
</testsuite>
